<?xml version="1.0" encoding="UTF-8"?>
<!-- Generated by org.testng.reporters.JUnitReportReporter -->
<testsuite hostname="LAPTOP-23CQP399" failures="0" tests="5" name="testClasses.FacebookSignup" time="29.865" errors="0" timestamp="2022-04-07T17:29:07 IST" skipped="0">
  <testcase classname="testClasses.FacebookSignup" name="signUpTest01" time="8.857"/>
  <system-out/>
  <testcase classname="testClasses.FacebookSignup" name="signUpTest02" time="5.833"/>
  <system-out/>
  <testcase classname="testClasses.FacebookSignup" name="signUpTest03" time="3.848"/>
  <system-out/>
  <testcase classname="testClasses.FacebookSignup" name="signUpTest04" time="5.631"/>
  <system-out/>
  <testcase classname="testClasses.FacebookSignup" name="signUpTest05" time="5.696"/>
  <system-out/>
</testsuite> <!-- testClasses.FacebookSignup -->
