<?xml version="1.0" encoding="UTF-8"?>
<!-- Generated by org.testng.reporters.JUnitReportReporter -->
<testsuite hostname="LAPTOP-23CQP399" failures="0" tests="5" name="testClasses.FacebookSignup" time="29.309" errors="0" timestamp="2022-04-10T12:47:38 IST" skipped="0">
  <testcase classname="testClasses.FacebookSignup" name="signUpTest01" time="10.466"/>
  <system-out/>
  <testcase classname="testClasses.FacebookSignup" name="signUpTest02" time="4.494"/>
  <system-out/>
  <testcase classname="testClasses.FacebookSignup" name="signUpTest03" time="5.567"/>
  <system-out/>
  <testcase classname="testClasses.FacebookSignup" name="signUpTest04" time="4.450"/>
  <system-out/>
  <testcase classname="testClasses.FacebookSignup" name="signUpTest05" time="4.332"/>
  <system-out/>
</testsuite> <!-- testClasses.FacebookSignup -->
